<?xml version="1.0" encoding="UTF-8"?>
  <testsuite name="ClusterLoaderV2" tests="0" failures="2" errors="0" time="73.856">
      <testcase name="density overall (./mode-3-10-30-reports-2021-03-19-0552/config.yaml)" classname="ClusterLoaderV2" time="73.856134014">
          <failure type="Failure">:0&#xA;[measurement call PodStartupLatency - PodStartupLatency error: pod startup: too high latency 99th percentile: got 5.155407214s expected: 5s]&#xA;:0</failure>
      </testcase>
      <testcase name="density: [step: 01] Starting measurements" classname="ClusterLoaderV2" time="0.139841735"></testcase>
      <testcase name="density: [step: 02] Starting saturation pod measurements" classname="ClusterLoaderV2" time="0.100347274"></testcase>
      <testcase name="density: [step: 03] Creating saturation pods" classname="ClusterLoaderV2" time="0.203280127"></testcase>
      <testcase name="density: [step: 04] Waiting for saturation pods to be running" classname="ClusterLoaderV2" time="9.872454176"></testcase>
      <testcase name="density: [step: 05] Collecting saturation pod measurements" classname="ClusterLoaderV2" time="0.01959208"></testcase>
      <testcase name="density: [step: 06] Starting latency pod measurements" classname="ClusterLoaderV2" time="0.101404825"></testcase>
      <testcase name="density: [step: 07] Creating latency pods" classname="ClusterLoaderV2" time="6.021699497"></testcase>
      <testcase name="density: [step: 08] Waiting for latency pods to be running" classname="ClusterLoaderV2" time="9.264372739"></testcase>
      <testcase name="density: [step: 09] Deleting latency pods" classname="ClusterLoaderV2" time="6.020631218"></testcase>
      <testcase name="density: [step: 10] Waiting for latency pods to be deleted" classname="ClusterLoaderV2" time="14.864478895"></testcase>
      <testcase name="density: [step: 11] Collecting pod startup latency" classname="ClusterLoaderV2" time="0.026187548">
          <failure type="Failure">:0&#xA;[measurement call PodStartupLatency - PodStartupLatency error: pod startup: too high latency 99th percentile: got 5.155407214s expected: 5s]&#xA;:0</failure>
      </testcase>
      <testcase name="density: [step: 12] Deleting saturation pods" classname="ClusterLoaderV2" time="0.205877391"></testcase>
      <testcase name="density: [step: 13] Waiting for saturation pods to be deleted" classname="ClusterLoaderV2" time="14.874561936"></testcase>
      <testcase name="density: [step: 14] Collecting measurements" classname="ClusterLoaderV2" time="2.056259841"></testcase>
  </testsuite>